app/build/outputs/logs/manifest-merger-online-release-report.txt
-- Merging decision tree log ---
permission#com.zql.app.shop.car.permission.PROCESS_PUSH_MSG
INJECTED from src\main\AndroidManifest.xml:33:5-35:55
	android:protectionLevel
		ADDED from src\main\AndroidManifest.xml:35:9-52
	android:name
		INJECTED from src\main\AndroidManifest.xml
		ADDED from src\main\AndroidManifest.xml:34:9-68
uses-permission#com.zql.app.shop.car.permission.PROCESS_PUSH_MSG
INJECTED from src\main\AndroidManifest.xml:36:5-84
	android:name
		INJECTED from src\main\AndroidManifest.xml
		ADDED from src\main\AndroidManifest.xml:36:22-81
permission#com.zql.app.shop.car.permission.PUSH_PROVIDER
INJECTED from src\main\AndroidManifest.xml:37:5-39:55
	android:protectionLevel
		ADDED from src\main\AndroidManifest.xml:39:9-52
	android:name
		INJECTED from src\main\AndroidManifest.xml
		ADDED from src\main\AndroidManifest.xml:38:9-65
permission#com.zql.app.shop.car.permission.PUSH_WRITE_PROVIDER
INJECTED from src\main\AndroidManifest.xml:40:5-42:55
	android:protectionLevel
		ADDED from src\main\AndroidManifest.xml:42:9-52
	android:name
		INJECTED from src\main\AndroidManifest.xml
		ADDED from src\main\AndroidManifest.xml:41:9-71
application
INJECTED from src\main\AndroidManifest.xml:44:5-73:19
MERGED from [:tbi_lib] AndroidManifest.xml:14:5-18:19
MERGED from [:tbi_lib] AndroidManifest.xml:14:5-18:19
MERGED from [:alipaySdk-15.6.5-20190718211159-noUtdid:] AndroidManifest.xml:22:5-55:19
MERGED from [:alipaySdk-15.6.5-20190718211159-noUtdid:] AndroidManifest.xml:22:5-55:19
MERGED from [com.android.support:design:26.0.2] AndroidManifest.xml:25:5-29:19
MERGED from [com.android.support:design:26.0.2] AndroidManifest.xml:25:5-29:19
MERGED from [com.sunfusheng:marqueeview:1.1.0] AndroidManifest.xml:11:5-15:19
MERGED from [com.sunfusheng:marqueeview:1.1.0] AndroidManifest.xml:11:5-15:19
MERGED from [cn.yipianfengye.android:zxing-library:2.2] AndroidManifest.xml:11:5-18:19
MERGED from [cn.yipianfengye.android:zxing-library:2.2] AndroidManifest.xml:11:5-18:19
MERGED from [com.android.support:appcompat-v7:26.0.2] AndroidManifest.xml:25:5-29:19
MERGED from [com.android.support:appcompat-v7:26.0.2] AndroidManifest.xml:25:5-29:19
MERGED from [com.android.support.constraint:constraint-layout:1.0.2] AndroidManifest.xml:9:5-20
MERGED from [com.android.support.constraint:constraint-layout:1.0.2] AndroidManifest.xml:9:5-20
MERGED from [com.android.support:cardview-v7:26.0.2] AndroidManifest.xml:22:5-26:19
MERGED from [com.android.support:cardview-v7:26.0.2] AndroidManifest.xml:22:5-26:19
MERGED from [com.prolificinteractive:material-calendarview:1.4.3] AndroidManifest.xml:12:5-20
MERGED from [com.prolificinteractive:material-calendarview:1.4.3] AndroidManifest.xml:12:5-20
MERGED from [com.android.support:transition:26.0.2] AndroidManifest.xml:22:5-26:19
MERGED from [com.android.support:transition:26.0.2] AndroidManifest.xml:22:5-26:19
MERGED from [com.android.support:support-v4:26.0.2] AndroidManifest.xml:25:5-29:19
MERGED from [com.android.support:support-v4:26.0.2] AndroidManifest.xml:25:5-29:19
MERGED from [com.android.volley:volley:1.1.0] AndroidManifest.xml:9:5-20
MERGED from [com.android.volley:volley:1.1.0] AndroidManifest.xml:9:5-20
MERGED from [com.android.support:recyclerview-v7:26.0.2] AndroidManifest.xml:22:5-26:19
MERGED from [com.android.support:recyclerview-v7:26.0.2] AndroidManifest.xml:22:5-26:19
MERGED from [cn.jiguang.sdk:jshare:1.1.0] AndroidManifest.xml:33:5-61:19
MERGED from [cn.jiguang.sdk:jshare:1.1.0] AndroidManifest.xml:33:5-61:19
MERGED from [cn.jiguang.sdk:jshare-qqmodel:1.1.0] AndroidManifest.xml:11:5-34:19
MERGED from [cn.jiguang.sdk:jshare-qqmodel:1.1.0] AndroidManifest.xml:11:5-34:19
MERGED from [cn.jiguang.sdk:jshare-wechatmodel:1.1.0] AndroidManifest.xml:11:5-17:19
MERGED from [cn.jiguang.sdk:jshare-wechatmodel:1.1.0] AndroidManifest.xml:11:5-17:19
MERGED from [cn.jiguang.sdk:jshare-sinamodel:1.1.0] AndroidManifest.xml:11:5-42:19
MERGED from [cn.jiguang.sdk:jshare-sinamodel:1.1.0] AndroidManifest.xml:11:5-42:19
MERGED from [cn.jiguang.sdk:jpush:3.1.5] AndroidManifest.xml:37:5-131:19
MERGED from [cn.jiguang.sdk:jpush:3.1.5] AndroidManifest.xml:37:5-131:19
MERGED from [cn.jiguang.sdk:jcore:1.2.3] AndroidManifest.xml:11:5-12:19
MERGED from [cn.jiguang.sdk:jcore:1.2.3] AndroidManifest.xml:11:5-12:19
MERGED from [com.tbruyelle.rxpermissions:rxpermissions:0.9.4] AndroidManifest.xml:11:5-20
MERGED from [com.tbruyelle.rxpermissions:rxpermissions:0.9.4] AndroidManifest.xml:11:5-20
MERGED from [com.qq.mta:mta:3.4.2] AndroidManifest.xml:23:5-36:19
MERGED from [com.qq.mta:mta:3.4.2] AndroidManifest.xml:23:5-36:19
MERGED from [com.tencent.mid:mid:3.73-release] AndroidManifest.xml:11:5-17:19
MERGED from [com.tencent.mid:mid:3.73-release] AndroidManifest.xml:11:5-17:19
MERGED from [me.jessyan:autosize:1.2.1] AndroidManifest.xml:11:5-17:19
MERGED from [me.jessyan:autosize:1.2.1] AndroidManifest.xml:11:5-17:19
MERGED from [org.xutils:xutils:3.3.38] AndroidManifest.xml:12:5-20
MERGED from [org.xutils:xutils:3.3.38] AndroidManifest.xml:12:5-20
MERGED from [com.android.support:animated-vector-drawable:26.0.2] AndroidManifest.xml:22:5-26:19
MERGED from [com.android.support:animated-vector-drawable:26.0.2] AndroidManifest.xml:22:5-26:19
MERGED from [com.android.support:support-fragment:26.0.2] AndroidManifest.xml:25:5-29:19
MERGED from [com.android.support:support-fragment:26.0.2] AndroidManifest.xml:25:5-29:19
MERGED from [com.android.support:support-core-ui:26.0.2] AndroidManifest.xml:25:5-29:19
MERGED from [com.android.support:support-core-ui:26.0.2] AndroidManifest.xml:25:5-29:19
MERGED from [com.android.support:support-vector-drawable:26.0.2] AndroidManifest.xml:22:5-26:19
MERGED from [com.android.support:support-vector-drawable:26.0.2] AndroidManifest.xml:22:5-26:19
MERGED from [com.android.support:support-media-compat:26.0.2] AndroidManifest.xml:25:5-29:19
MERGED from [com.android.support:support-media-compat:26.0.2] AndroidManifest.xml:25:5-29:19
MERGED from [com.android.support:support-core-utils:26.0.2] AndroidManifest.xml:25:5-29:19
MERGED from [com.android.support:support-core-utils:26.0.2] AndroidManifest.xml:25:5-29:19
MERGED from [com.android.support:support-compat:26.0.2] AndroidManifest.xml:25:5-29:19
MERGED from [com.android.support:support-compat:26.0.2] AndroidManifest.xml:25:5-29:19
	android:supportsRtl
		ADDED from src\main\AndroidManifest.xml:50:9-35
	android:label
		INJECTED from src\main\AndroidManifest.xml
		ADDED from src\main\AndroidManifest.xml:48:9-36
		REJECTED from [:tbi_lib] AndroidManifest.xml:16:9-41
		REJECTED from [com.sunfusheng:marqueeview:1.1.0] AndroidManifest.xml:13:9-41
	android:icon
		ADDED from src\main\AndroidManifest.xml:47:9-43
	android:allowBackup
		ADDED from src\main\AndroidManifest.xml:46:9-36
		REJECTED from [:tbi_lib] AndroidManifest.xml:15:9-36
		REJECTED from [com.sunfusheng:marqueeview:1.1.0] AndroidManifest.xml:12:9-35
		REJECTED from [cn.yipianfengye.android:zxing-library:2.2] AndroidManifest.xml:11:18-44
	android:theme
		ADDED from src\main\AndroidManifest.xml:51:9-40
	android:networkSecurityConfig
		ADDED from src\main\AndroidManifest.xml:49:9-69
	tools:replace
		ADDED from src\main\AndroidManifest.xml:52:9-58
	android:name
		ADDED from src\main\AndroidManifest.xml:45:9-39
meta-data#com.amap.api.v2.apikey
INJECTED from src\main\AndroidManifest.xml:69:9-71:40
	android:value
		INJECTED from src\main\AndroidManifest.xml
		ADDED from src\main\AndroidManifest.xml:71:13-37
	android:name
		ADDED from src\main\AndroidManifest.xml:70:13-50
manifest
ADDED from src\main\AndroidManifest.xml:2:1-75:12
INJECTED from src\main\AndroidManifest.xml:2:1-75:12
INJECTED from src\main\AndroidManifest.xml:2:1-75:12
INJECTED from src\main\AndroidManifest.xml:2:1-75:12
MERGED from [:tbi_lib] AndroidManifest.xml:2:1-20:12
MERGED from [:alipaySdk-15.6.5-20190718211159-noUtdid:] AndroidManifest.xml:2:1-57:12
MERGED from [com.android.support:design:26.0.2] AndroidManifest.xml:17:1-31:12
MERGED from [com.sunfusheng:marqueeview:1.1.0] AndroidManifest.xml:2:1-17:12
MERGED from [cn.yipianfengye.android:zxing-library:2.2] AndroidManifest.xml:2:1-20:12
MERGED from [com.android.support:appcompat-v7:26.0.2] AndroidManifest.xml:17:1-31:12
MERGED from [com.android.support.constraint:constraint-layout:1.0.2] AndroidManifest.xml:2:1-11:12
MERGED from [com.android.support:cardview-v7:26.0.2] AndroidManifest.xml:17:1-28:12
MERGED from [com.prolificinteractive:material-calendarview:1.4.3] AndroidManifest.xml:2:1-14:12
MERGED from [com.android.support:transition:26.0.2] AndroidManifest.xml:17:1-28:12
MERGED from [com.android.support:support-v4:26.0.2] AndroidManifest.xml:17:1-31:12
MERGED from [com.android.volley:volley:1.1.0] AndroidManifest.xml:2:1-11:12
MERGED from [com.huxq17.xrefreshview:xrefreshview:3.6.6] AndroidManifest.xml:2:1-12:12
MERGED from [com.android.support:recyclerview-v7:26.0.2] AndroidManifest.xml:17:1-28:12
MERGED from [com.tencent.mm.opensdk:wechat-sdk-android-without-mta:6.6.5] AndroidManifest.xml:2:1-9:12
MERGED from [me.relex:circleindicator:1.2.2] AndroidManifest.xml:2:1-12:12
MERGED from [com.makeramen:roundedimageview:2.2.1] AndroidManifest.xml:2:1-9:12
MERGED from [com.bartoszlipinski:recyclerviewheader2:2.0.1] AndroidManifest.xml:2:1-11:12
MERGED from [com.squareup:android-times-square:1.6.5] AndroidManifest.xml:2:1-9:12
MERGED from [me.codeboy.android:align-text-view:2.3.0] AndroidManifest.xml:2:1-12:12
MERGED from [cn.jiguang.sdk:jshare:1.1.0] AndroidManifest.xml:2:1-63:12
MERGED from [cn.jiguang.sdk:jshare-qqmodel:1.1.0] AndroidManifest.xml:2:1-36:12
MERGED from [cn.jiguang.sdk:jshare-wechatmodel:1.1.0] AndroidManifest.xml:2:1-19:12
MERGED from [cn.jiguang.sdk:jshare-sinamodel:1.1.0] AndroidManifest.xml:2:1-44:12
MERGED from [cn.jiguang.sdk:jpush:3.1.5] AndroidManifest.xml:2:1-133:12
MERGED from [cn.jiguang.sdk:jcore:1.2.3] AndroidManifest.xml:2:1-14:12
MERGED from [com.github.zcweng:switch-button:0.0.3] AndroidManifest.xml:2:1-11:12
MERGED from [com.youth.banner:banner:1.4.10] AndroidManifest.xml:2:1-11:12
MERGED from [me.leolin:ShortcutBadger:1.1.21] AndroidManifest.xml:2:1-52:12
MERGED from [com.tbruyelle.rxpermissions:rxpermissions:0.9.4] AndroidManifest.xml:2:1-13:12
MERGED from [me.grantland:autofittextview:0.2.1] AndroidManifest.xml:2:1-11:12
MERGED from [com.github.huburt-Hu:NewbieGuide:v2.4.0] AndroidManifest.xml:2:1-11:12
MERGED from [com.tencent.bugly:crashreport:3.3.3] AndroidManifest.xml:2:1-9:12
MERGED from [com.jakewharton:butterknife:8.8.1] AndroidManifest.xml:2:1-7:12
MERGED from [com.qq.mta:mta:3.4.2] AndroidManifest.xml:2:1-38:12
MERGED from [com.tencent.mid:mid:3.73-release] AndroidManifest.xml:2:1-19:12
MERGED from [com.gyf.immersionbar:immersionbar:3.0.0] AndroidManifest.xml:2:1-9:12
MERGED from [me.jessyan:autosize:1.2.1] AndroidManifest.xml:2:1-19:12
MERGED from [com.github.PhilJay:MPAndroidChart:v3.1.0] AndroidManifest.xml:2:1-20:12
MERGED from [com.android.support:multidex:1.0.2] AndroidManifest.xml:17:1-22:12
MERGED from [com.squareup.leakcanary:leakcanary-android-no-op:1.3] AndroidManifest.xml:17:1-24:12
MERGED from [org.xutils:xutils:3.3.38] AndroidManifest.xml:2:1-14:12
MERGED from [io.reactivex:rxandroid:1.2.1] AndroidManifest.xml:15:1-21:12
MERGED from [pl.droidsonroids.gif:android-gif-drawable:1.1.7] AndroidManifest.xml:2:1-10:12
MERGED from [com.android.support:animated-vector-drawable:26.0.2] AndroidManifest.xml:17:1-28:12
MERGED from [com.android.support:support-fragment:26.0.2] AndroidManifest.xml:17:1-31:12
MERGED from [com.android.support:support-core-ui:26.0.2] AndroidManifest.xml:17:1-31:12
MERGED from [com.android.support:support-vector-drawable:26.0.2] AndroidManifest.xml:17:1-28:12
MERGED from [com.android.support:support-media-compat:26.0.2] AndroidManifest.xml:17:1-31:12
MERGED from [com.android.support:support-core-utils:26.0.2] AndroidManifest.xml:17:1-31:12
MERGED from [com.android.support:support-compat:26.0.2] AndroidManifest.xml:17:1-31:12
INJECTED from src\main\AndroidManifest.xml:2:1-75:12
INJECTED from src\main\AndroidManifest.xml:2:1-75:12
INJECTED from src\main\AndroidManifest.xml:2:1-75:12
	package
		ADDED from src\main\AndroidManifest.xml:4:5-31
		INJECTED from src\main\AndroidManifest.xml
		INJECTED from src\main\AndroidManifest.xml
	android:versionName
		INJECTED from src\main\AndroidManifest.xml
		ADDED from src\main\AndroidManifest.xml:2:1-75:12
		INJECTED from src\main\AndroidManifest.xml
	xmlns:tools
		ADDED from src\main\AndroidManifest.xml:3:5-51
	android:versionCode
		INJECTED from src\main\AndroidManifest.xml
		ADDED from src\main\AndroidManifest.xml:2:1-75:12
		INJECTED from src\main\AndroidManifest.xml
	xmlns:android
		ADDED from src\main\AndroidManifest.xml:2:11-69
uses-permission#android.permission.INTERNET
ADDED from src\main\AndroidManifest.xml:7:5-67
MERGED from [:alipaySdk-15.6.5-20190718211159-noUtdid:] AndroidManifest.xml:18:5-67
MERGED from [:alipaySdk-15.6.5-20190718211159-noUtdid:] AndroidManifest.xml:18:5-67
MERGED from [cn.jiguang.sdk:jshare:1.1.0] AndroidManifest.xml:13:5-67
MERGED from [cn.jiguang.sdk:jshare:1.1.0] AndroidManifest.xml:13:5-67
MERGED from [cn.jiguang.sdk:jpush:3.1.5] AndroidManifest.xml:18:5-67
MERGED from [cn.jiguang.sdk:jpush:3.1.5] AndroidManifest.xml:18:5-67
MERGED from [com.qq.mta:mta:3.4.2] AndroidManifest.xml:12:5-67
MERGED from [com.qq.mta:mta:3.4.2] AndroidManifest.xml:12:5-67
	android:name
		ADDED from src\main\AndroidManifest.xml:7:22-64
uses-permission#android.permission.WRITE_EXTERNAL_STORAGE
ADDED from src\main\AndroidManifest.xml:8:5-81
MERGED from [cn.jiguang.sdk:jshare:1.1.0] AndroidManifest.xml:16:5-81
MERGED from [cn.jiguang.sdk:jshare:1.1.0] AndroidManifest.xml:16:5-81
MERGED from [cn.jiguang.sdk:jpush:3.1.5] AndroidManifest.xml:21:5-81
MERGED from [cn.jiguang.sdk:jpush:3.1.5] AndroidManifest.xml:21:5-81
MERGED from [com.qq.mta:mta:3.4.2] AndroidManifest.xml:16:5-81
MERGED from [com.qq.mta:mta:3.4.2] AndroidManifest.xml:16:5-81
	android:name
		ADDED from src\main\AndroidManifest.xml:8:22-78
uses-permission#android.permission.READ_EXTERNAL_STORAGE
ADDED from src\main\AndroidManifest.xml:9:5-80
MERGED from [cn.jiguang.sdk:jshare:1.1.0] AndroidManifest.xml:17:5-80
MERGED from [cn.jiguang.sdk:jshare:1.1.0] AndroidManifest.xml:17:5-80
MERGED from [cn.jiguang.sdk:jpush:3.1.5] AndroidManifest.xml:22:5-80
MERGED from [cn.jiguang.sdk:jpush:3.1.5] AndroidManifest.xml:22:5-80
	android:name
		ADDED from src\main\AndroidManifest.xml:9:22-77
uses-permission#android.permission.ACCESS_NETWORK_STATE
ADDED from src\main\AndroidManifest.xml:10:5-79
MERGED from [:alipaySdk-15.6.5-20190718211159-noUtdid:] AndroidManifest.xml:19:5-79
MERGED from [:alipaySdk-15.6.5-20190718211159-noUtdid:] AndroidManifest.xml:19:5-79
MERGED from [cn.jiguang.sdk:jshare:1.1.0] AndroidManifest.xml:20:5-79
MERGED from [cn.jiguang.sdk:jshare:1.1.0] AndroidManifest.xml:20:5-79
MERGED from [cn.jiguang.sdk:jpush:3.1.5] AndroidManifest.xml:26:5-79
MERGED from [cn.jiguang.sdk:jpush:3.1.5] AndroidManifest.xml:26:5-79
MERGED from [com.qq.mta:mta:3.4.2] AndroidManifest.xml:13:5-79
MERGED from [com.qq.mta:mta:3.4.2] AndroidManifest.xml:13:5-79
	android:name
		ADDED from src\main\AndroidManifest.xml:10:22-76
uses-permission#android.permission.ACCESS_WIFI_STATE
ADDED from src\main\AndroidManifest.xml:11:5-76
MERGED from [:alipaySdk-15.6.5-20190718211159-noUtdid:] AndroidManifest.xml:20:5-76
MERGED from [:alipaySdk-15.6.5-20190718211159-noUtdid:] AndroidManifest.xml:20:5-76
MERGED from [cn.jiguang.sdk:jshare:1.1.0] AndroidManifest.xml:22:5-76
MERGED from [cn.jiguang.sdk:jshare:1.1.0] AndroidManifest.xml:22:5-76
MERGED from [cn.jiguang.sdk:jpush:3.1.5] AndroidManifest.xml:27:5-76
MERGED from [cn.jiguang.sdk:jpush:3.1.5] AndroidManifest.xml:27:5-76
MERGED from [com.qq.mta:mta:3.4.2] AndroidManifest.xml:14:5-76
MERGED from [com.qq.mta:mta:3.4.2] AndroidManifest.xml:14:5-76
	android:name
		ADDED from src\main\AndroidManifest.xml:11:22-73
uses-permission#android.permission.READ_PHONE_STATE
ADDED from src\main\AndroidManifest.xml:12:5-75
MERGED from [:tbi_lib] AndroidManifest.xml:12:5-75
MERGED from [:tbi_lib] AndroidManifest.xml:12:5-75
MERGED from [cn.jiguang.sdk:jshare:1.1.0] AndroidManifest.xml:15:5-75
MERGED from [cn.jiguang.sdk:jshare:1.1.0] AndroidManifest.xml:15:5-75
MERGED from [cn.jiguang.sdk:jpush:3.1.5] AndroidManifest.xml:20:5-75
MERGED from [cn.jiguang.sdk:jpush:3.1.5] AndroidManifest.xml:20:5-75
MERGED from [com.qq.mta:mta:3.4.2] AndroidManifest.xml:15:5-75
MERGED from [com.qq.mta:mta:3.4.2] AndroidManifest.xml:15:5-75
	android:name
		ADDED from src\main\AndroidManifest.xml:12:22-72
uses-permission#android.permission.ACCESS_COARSE_LOCATION
ADDED from src\main\AndroidManifest.xml:13:5-81
MERGED from [cn.jiguang.sdk:jshare:1.1.0] AndroidManifest.xml:26:5-81
MERGED from [cn.jiguang.sdk:jshare:1.1.0] AndroidManifest.xml:26:5-81
MERGED from [cn.jiguang.sdk:jpush:3.1.5] AndroidManifest.xml:31:5-81
MERGED from [cn.jiguang.sdk:jpush:3.1.5] AndroidManifest.xml:31:5-81
MERGED from [com.qq.mta:mta:3.4.2] AndroidManifest.xml:19:5-81
MERGED from [com.qq.mta:mta:3.4.2] AndroidManifest.xml:19:5-81
	android:name
		ADDED from src\main\AndroidManifest.xml:13:22-78
uses-permission#android.permission.CALL_PHONE
ADDED from src\main\AndroidManifest.xml:14:5-69
	android:name
		ADDED from src\main\AndroidManifest.xml:14:22-66
uses-permission#android.permission.ACCESS_FINE_LOCATION
ADDED from src\main\AndroidManifest.xml:15:5-79
MERGED from [cn.jiguang.sdk:jshare:1.1.0] AndroidManifest.xml:28:5-79
MERGED from [cn.jiguang.sdk:jshare:1.1.0] AndroidManifest.xml:28:5-79
MERGED from [cn.jiguang.sdk:jpush:3.1.5] AndroidManifest.xml:33:5-79
MERGED from [cn.jiguang.sdk:jpush:3.1.5] AndroidManifest.xml:33:5-79
MERGED from [com.qq.mta:mta:3.4.2] AndroidManifest.xml:20:5-79
MERGED from [com.qq.mta:mta:3.4.2] AndroidManifest.xml:20:5-79
	android:name
		ADDED from src\main\AndroidManifest.xml:15:22-76
uses-permission#android.permission.CHANGE_WIFI_STATE
ADDED from src\main\AndroidManifest.xml:16:5-76
MERGED from [cn.jiguang.sdk:jshare:1.1.0] AndroidManifest.xml:27:5-76
MERGED from [cn.jiguang.sdk:jshare:1.1.0] AndroidManifest.xml:27:5-76
MERGED from [cn.jiguang.sdk:jpush:3.1.5] AndroidManifest.xml:32:5-76
MERGED from [cn.jiguang.sdk:jpush:3.1.5] AndroidManifest.xml:32:5-76
	android:name
		ADDED from src\main\AndroidManifest.xml:16:22-73
uses-permission#android.permission.ACCESS_LOCATION_EXTRA_COMMANDS
ADDED from src\main\AndroidManifest.xml:17:5-89
MERGED from [cn.jiguang.sdk:jshare:1.1.0] AndroidManifest.xml:29:5-89
MERGED from [cn.jiguang.sdk:jshare:1.1.0] AndroidManifest.xml:29:5-89
MERGED from [cn.jiguang.sdk:jpush:3.1.5] AndroidManifest.xml:34:5-89
MERGED from [cn.jiguang.sdk:jpush:3.1.5] AndroidManifest.xml:34:5-89
	android:name
		ADDED from src\main\AndroidManifest.xml:17:22-86
uses-permission#android.permission.BLUETOOTH
ADDED from src\main\AndroidManifest.xml:18:5-68
	android:name
		ADDED from src\main\AndroidManifest.xml:18:22-65
uses-permission#android.permission.BLUETOOTH_ADMIN
ADDED from src\main\AndroidManifest.xml:19:5-74
	android:name
		ADDED from src\main\AndroidManifest.xml:19:22-71
uses-permission#android.permission.READ_CONTACTS
ADDED from src\main\AndroidManifest.xml:20:5-72
	android:name
		ADDED from src\main\AndroidManifest.xml:20:22-69
uses-permission#android.permission.WRITE_CONTACTS
ADDED from src\main\AndroidManifest.xml:21:5-73
	android:name
		ADDED from src\main\AndroidManifest.xml:21:22-70
uses-permission#com.tbi.app.shop.permission.JPUSH_MESSAGE
ADDED from src\main\AndroidManifest.xml:22:5-81
	android:name
		ADDED from src\main\AndroidManifest.xml:22:22-78
uses-permission#android.permission.RECEIVE_USER_PRESENT
ADDED from src\main\AndroidManifest.xml:23:5-79
MERGED from [cn.jiguang.sdk:jshare:1.1.0] AndroidManifest.xml:12:5-79
MERGED from [cn.jiguang.sdk:jshare:1.1.0] AndroidManifest.xml:12:5-79
MERGED from [cn.jiguang.sdk:jpush:3.1.5] AndroidManifest.xml:17:5-79
MERGED from [cn.jiguang.sdk:jpush:3.1.5] AndroidManifest.xml:17:5-79
	android:name
		ADDED from src\main\AndroidManifest.xml:23:22-76
uses-permission#android.permission.WAKE_LOCK
ADDED from src\main\AndroidManifest.xml:24:5-68
MERGED from [cn.jiguang.sdk:jshare:1.1.0] AndroidManifest.xml:14:5-68
MERGED from [cn.jiguang.sdk:jshare:1.1.0] AndroidManifest.xml:14:5-68
MERGED from [cn.jiguang.sdk:jpush:3.1.5] AndroidManifest.xml:19:5-68
MERGED from [cn.jiguang.sdk:jpush:3.1.5] AndroidManifest.xml:19:5-68
	android:name
		ADDED from src\main\AndroidManifest.xml:24:22-65
uses-permission#android.permission.CAMERA
ADDED from src\main\AndroidManifest.xml:25:5-65
	android:name
		ADDED from src\main\AndroidManifest.xml:25:22-62
uses-permission#android.permission.FLASHLIGHT
ADDED from src\main\AndroidManifest.xml:26:5-69
	android:name
		ADDED from src\main\AndroidManifest.xml:26:22-66
uses-feature#android.hardware.camera
ADDED from src\main\AndroidManifest.xml:28:5-60
	android:name
		ADDED from src\main\AndroidManifest.xml:28:19-57
uses-feature#android.hardware.camera.autofocus
ADDED from src\main\AndroidManifest.xml:29:5-70
	android:name
		ADDED from src\main\AndroidManifest.xml:29:19-67
uses-permission#android.permission.VIBRATE
ADDED from src\main\AndroidManifest.xml:31:5-66
MERGED from [cn.jiguang.sdk:jshare:1.1.0] AndroidManifest.xml:18:5-66
MERGED from [cn.jiguang.sdk:jshare:1.1.0] AndroidManifest.xml:18:5-66
MERGED from [cn.jiguang.sdk:jpush:3.1.5] AndroidManifest.xml:24:5-66
MERGED from [cn.jiguang.sdk:jpush:3.1.5] AndroidManifest.xml:24:5-66
MERGED from [com.qq.mta:mta:3.4.2] AndroidManifest.xml:21:5-66
MERGED from [com.qq.mta:mta:3.4.2] AndroidManifest.xml:21:5-66
	android:name
		ADDED from src\main\AndroidManifest.xml:31:22-63
uses-permission#android.permission.REQUEST_INSTALL_PACKAGES
ADDED from src\main\AndroidManifest.xml:32:5-83
	android:name
		ADDED from src\main\AndroidManifest.xml:32:22-80
uses-sdk
INJECTED from src\main\AndroidManifest.xml reason: use-sdk injection requested
INJECTED from src\main\AndroidManifest.xml
INJECTED from src\main\AndroidManifest.xml
MERGED from [:tbi_lib] AndroidManifest.xml:7:5-9:41
MERGED from [:tbi_lib] AndroidManifest.xml:7:5-9:41
MERGED from [:alipaySdk-15.6.5-20190718211159-noUtdid:] AndroidManifest.xml:7:5-9:41
MERGED from [:alipaySdk-15.6.5-20190718211159-noUtdid:] AndroidManifest.xml:7:5-9:41
MERGED from [com.android.support:design:26.0.2] AndroidManifest.xml:21:5-23:62
MERGED from [com.android.support:design:26.0.2] AndroidManifest.xml:21:5-23:62
MERGED from [com.sunfusheng:marqueeview:1.1.0] AndroidManifest.xml:7:5-9:41
MERGED from [com.sunfusheng:marqueeview:1.1.0] AndroidManifest.xml:7:5-9:41
MERGED from [cn.yipianfengye.android:zxing-library:2.2] AndroidManifest.xml:7:5-9:41
MERGED from [cn.yipianfengye.android:zxing-library:2.2] AndroidManifest.xml:7:5-9:41
MERGED from [com.android.support:appcompat-v7:26.0.2] AndroidManifest.xml:21:5-23:78
MERGED from [com.android.support:appcompat-v7:26.0.2] AndroidManifest.xml:21:5-23:78
MERGED from [com.android.support.constraint:constraint-layout:1.0.2] AndroidManifest.xml:5:5-7:41
MERGED from [com.android.support.constraint:constraint-layout:1.0.2] AndroidManifest.xml:5:5-7:41
MERGED from [com.android.support:cardview-v7:26.0.2] AndroidManifest.xml:20:5-44
MERGED from [com.android.support:cardview-v7:26.0.2] AndroidManifest.xml:20:5-44
MERGED from [com.prolificinteractive:material-calendarview:1.4.3] AndroidManifest.xml:8:5-10:41
MERGED from [com.prolificinteractive:material-calendarview:1.4.3] AndroidManifest.xml:8:5-10:41
MERGED from [com.android.support:transition:26.0.2] AndroidManifest.xml:20:5-44
MERGED from [com.android.support:transition:26.0.2] AndroidManifest.xml:20:5-44
MERGED from [com.android.support:support-v4:26.0.2] AndroidManifest.xml:21:5-23:54
MERGED from [com.android.support:support-v4:26.0.2] AndroidManifest.xml:21:5-23:54
MERGED from [com.android.volley:volley:1.1.0] AndroidManifest.xml:7:5-43
MERGED from [com.android.volley:volley:1.1.0] AndroidManifest.xml:7:5-43
MERGED from [com.huxq17.xrefreshview:xrefreshview:3.6.6] AndroidManifest.xml:8:5-10:41
MERGED from [com.huxq17.xrefreshview:xrefreshview:3.6.6] AndroidManifest.xml:8:5-10:41
MERGED from [com.android.support:recyclerview-v7:26.0.2] AndroidManifest.xml:20:5-44
MERGED from [com.android.support:recyclerview-v7:26.0.2] AndroidManifest.xml:20:5-44
MERGED from [com.tencent.mm.opensdk:wechat-sdk-android-without-mta:6.6.5] AndroidManifest.xml:5:5-7:41
MERGED from [com.tencent.mm.opensdk:wechat-sdk-android-without-mta:6.6.5] AndroidManifest.xml:5:5-7:41
MERGED from [me.relex:circleindicator:1.2.2] AndroidManifest.xml:8:5-10:41
MERGED from [me.relex:circleindicator:1.2.2] AndroidManifest.xml:8:5-10:41
MERGED from [com.makeramen:roundedimageview:2.2.1] AndroidManifest.xml:7:5-43
MERGED from [com.makeramen:roundedimageview:2.2.1] AndroidManifest.xml:7:5-43
MERGED from [com.bartoszlipinski:recyclerviewheader2:2.0.1] AndroidManifest.xml:7:5-9:41
MERGED from [com.bartoszlipinski:recyclerviewheader2:2.0.1] AndroidManifest.xml:7:5-9:41
MERGED from [com.squareup:android-times-square:1.6.5] AndroidManifest.xml:7:5-43
MERGED from [com.squareup:android-times-square:1.6.5] AndroidManifest.xml:7:5-43
MERGED from [me.codeboy.android:align-text-view:2.3.0] AndroidManifest.xml:8:5-10:41
MERGED from [me.codeboy.android:align-text-view:2.3.0] AndroidManifest.xml:8:5-10:41
MERGED from [cn.jiguang.sdk:jshare:1.1.0] AndroidManifest.xml:7:5-9:41
MERGED from [cn.jiguang.sdk:jshare:1.1.0] AndroidManifest.xml:7:5-9:41
MERGED from [cn.jiguang.sdk:jshare-qqmodel:1.1.0] AndroidManifest.xml:7:5-9:41
MERGED from [cn.jiguang.sdk:jshare-qqmodel:1.1.0] AndroidManifest.xml:7:5-9:41
MERGED from [cn.jiguang.sdk:jshare-wechatmodel:1.1.0] AndroidManifest.xml:7:5-9:41
MERGED from [cn.jiguang.sdk:jshare-wechatmodel:1.1.0] AndroidManifest.xml:7:5-9:41
MERGED from [cn.jiguang.sdk:jshare-sinamodel:1.1.0] AndroidManifest.xml:7:5-9:41
MERGED from [cn.jiguang.sdk:jshare-sinamodel:1.1.0] AndroidManifest.xml:7:5-9:41
MERGED from [cn.jiguang.sdk:jpush:3.1.5] AndroidManifest.xml:7:5-9:41
MERGED from [cn.jiguang.sdk:jpush:3.1.5] AndroidManifest.xml:7:5-9:41
MERGED from [cn.jiguang.sdk:jcore:1.2.3] AndroidManifest.xml:7:5-9:41
MERGED from [cn.jiguang.sdk:jcore:1.2.3] AndroidManifest.xml:7:5-9:41
MERGED from [com.github.zcweng:switch-button:0.0.3] AndroidManifest.xml:7:5-9:41
MERGED from [com.github.zcweng:switch-button:0.0.3] AndroidManifest.xml:7:5-9:41
MERGED from [com.youth.banner:banner:1.4.10] AndroidManifest.xml:7:5-9:41
MERGED from [com.youth.banner:banner:1.4.10] AndroidManifest.xml:7:5-9:41
MERGED from [me.leolin:ShortcutBadger:1.1.21] AndroidManifest.xml:7:5-9:41
MERGED from [me.leolin:ShortcutBadger:1.1.21] AndroidManifest.xml:7:5-9:41
MERGED from [com.tbruyelle.rxpermissions:rxpermissions:0.9.4] AndroidManifest.xml:7:5-9:41
MERGED from [com.tbruyelle.rxpermissions:rxpermissions:0.9.4] AndroidManifest.xml:7:5-9:41
MERGED from [me.grantland:autofittextview:0.2.1] AndroidManifest.xml:7:5-9:41
MERGED from [me.grantland:autofittextview:0.2.1] AndroidManifest.xml:7:5-9:41
MERGED from [com.github.huburt-Hu:NewbieGuide:v2.4.0] AndroidManifest.xml:7:5-9:41
MERGED from [com.github.huburt-Hu:NewbieGuide:v2.4.0] AndroidManifest.xml:7:5-9:41
MERGED from [com.tencent.bugly:crashreport:3.3.3] AndroidManifest.xml:5:5-7:41
MERGED from [com.tencent.bugly:crashreport:3.3.3] AndroidManifest.xml:5:5-7:41
MERGED from [com.jakewharton:butterknife:8.8.1] AndroidManifest.xml:5:5-43
MERGED from [com.jakewharton:butterknife:8.8.1] AndroidManifest.xml:5:5-43
MERGED from [com.qq.mta:mta:3.4.2] AndroidManifest.xml:7:5-9:41
MERGED from [com.qq.mta:mta:3.4.2] AndroidManifest.xml:7:5-9:41
MERGED from [com.tencent.mid:mid:3.73-release] AndroidManifest.xml:7:5-9:41
MERGED from [com.tencent.mid:mid:3.73-release] AndroidManifest.xml:7:5-9:41
MERGED from [com.gyf.immersionbar:immersionbar:3.0.0] AndroidManifest.xml:5:5-7:41
MERGED from [com.gyf.immersionbar:immersionbar:3.0.0] AndroidManifest.xml:5:5-7:41
MERGED from [me.jessyan:autosize:1.2.1] AndroidManifest.xml:7:5-9:41
MERGED from [me.jessyan:autosize:1.2.1] AndroidManifest.xml:7:5-9:41
MERGED from [com.github.PhilJay:MPAndroidChart:v3.1.0] AndroidManifest.xml:16:5-18:41
MERGED from [com.github.PhilJay:MPAndroidChart:v3.1.0] AndroidManifest.xml:16:5-18:41
MERGED from [com.android.support:multidex:1.0.2] AndroidManifest.xml:20:5-43
MERGED from [com.android.support:multidex:1.0.2] AndroidManifest.xml:20:5-43
MERGED from [com.squareup.leakcanary:leakcanary-android-no-op:1.3] AndroidManifest.xml:20:5-22:41
MERGED from [com.squareup.leakcanary:leakcanary-android-no-op:1.3] AndroidManifest.xml:20:5-22:41
MERGED from [org.xutils:xutils:3.3.38] AndroidManifest.xml:8:5-10:41
MERGED from [org.xutils:xutils:3.3.38] AndroidManifest.xml:8:5-10:41
MERGED from [io.reactivex:rxandroid:1.2.1] AndroidManifest.xml:19:5-43
MERGED from [io.reactivex:rxandroid:1.2.1] AndroidManifest.xml:19:5-43
MERGED from [pl.droidsonroids.gif:android-gif-drawable:1.1.7] AndroidManifest.xml:6:5-8:41
MERGED from [pl.droidsonroids.gif:android-gif-drawable:1.1.7] AndroidManifest.xml:6:5-8:41
MERGED from [com.android.support:animated-vector-drawable:26.0.2] AndroidManifest.xml:20:5-44
MERGED from [com.android.support:animated-vector-drawable:26.0.2] AndroidManifest.xml:20:5-44
MERGED from [com.android.support:support-fragment:26.0.2] AndroidManifest.xml:21:5-23:60
MERGED from [com.android.support:support-fragment:26.0.2] AndroidManifest.xml:21:5-23:60
MERGED from [com.android.support:support-core-ui:26.0.2] AndroidManifest.xml:21:5-23:58
MERGED from [com.android.support:support-core-ui:26.0.2] AndroidManifest.xml:21:5-23:58
MERGED from [com.android.support:support-vector-drawable:26.0.2] AndroidManifest.xml:20:5-44
MERGED from [com.android.support:support-vector-drawable:26.0.2] AndroidManifest.xml:20:5-44
MERGED from [com.android.support:support-media-compat:26.0.2] AndroidManifest.xml:21:5-23:63